<?xml version="1.0" encoding="UTF-8"?>
<testsuite xmlns:xsi="http://www.w3.org/2001/XMLSchema-instance" xsi:noNamespaceSchemaLocation="https://maven.apache.org/surefire/maven-surefire-plugin/xsd/surefire-test-report-3.0.xsd" version="3.0" name="org.example.BCryptTest" time="0.014" tests="0" errors="0" skipped="0" failures="0">
  <properties>
    <property name="java.specification.version" value="17"/>
    <property name="sun.cpu.isalist" value="amd64"/>
    <property name="sun.jnu.encoding" value="GBK"/>
    <property name="java.class.path" value="D:\codes\ruoyi\fuben\loginAndUi\login\target\test-classes;D:\codes\ruoyi\fuben\loginAndUi\login\target\classes;D:\maven\apache-maven-3.9.9-bin\apache-maven-3.9.9\maven-repo\org\springframework\boot\spring-boot-starter-web\3.1.7\spring-boot-starter-web-3.1.7.jar;D:\maven\apache-maven-3.9.9-bin\apache-maven-3.9.9\maven-repo\org\springframework\boot\spring-boot-starter-json\3.1.7\spring-boot-starter-json-3.1.7.jar;D:\maven\apache-maven-3.9.9-bin\apache-maven-3.9.9\maven-repo\com\fasterxml\jackson\core\jackson-databind\2.15.3\jackson-databind-2.15.3.jar;D:\maven\apache-maven-3.9.9-bin\apache-maven-3.9.9\maven-repo\com\fasterxml\jackson\datatype\jackson-datatype-jdk8\2.15.3\jackson-datatype-jdk8-2.15.3.jar;D:\maven\apache-maven-3.9.9-bin\apache-maven-3.9.9\maven-repo\com\fasterxml\jackson\datatype\jackson-datatype-jsr310\2.15.3\jackson-datatype-jsr310-2.15.3.jar;D:\maven\apache-maven-3.9.9-bin\apache-maven-3.9.9\maven-repo\com\fasterxml\jackson\module\jackson-module-parameter-names\2.15.3\jackson-module-parameter-names-2.15.3.jar;D:\maven\apache-maven-3.9.9-bin\apache-maven-3.9.9\maven-repo\org\springframework\boot\spring-boot-starter-tomcat\3.1.7\spring-boot-starter-tomcat-3.1.7.jar;D:\maven\apache-maven-3.9.9-bin\apache-maven-3.9.9\maven-repo\org\apache\tomcat\embed\tomcat-embed-core\10.1.17\tomcat-embed-core-10.1.17.jar;D:\maven\apache-maven-3.9.9-bin\apache-maven-3.9.9\maven-repo\org\apache\tomcat\embed\tomcat-embed-websocket\10.1.17\tomcat-embed-websocket-10.1.17.jar;D:\maven\apache-maven-3.9.9-bin\apache-maven-3.9.9\maven-repo\org\springframework\spring-web\6.0.15\spring-web-6.0.15.jar;D:\maven\apache-maven-3.9.9-bin\apache-maven-3.9.9\maven-repo\org\springframework\spring-beans\6.0.15\spring-beans-6.0.15.jar;D:\maven\apache-maven-3.9.9-bin\apache-maven-3.9.9\maven-repo\io\micrometer\micrometer-observation\1.11.7\micrometer-observation-1.11.7.jar;D:\maven\apache-maven-3.9.9-bin\apache-maven-3.9.9\maven-repo\io\micrometer\micrometer-commons\1.11.7\micrometer-commons-1.11.7.jar;D:\maven\apache-maven-3.9.9-bin\apache-maven-3.9.9\maven-repo\org\springframework\spring-webmvc\6.0.15\spring-webmvc-6.0.15.jar;D:\maven\apache-maven-3.9.9-bin\apache-maven-3.9.9\maven-repo\org\springframework\spring-context\6.0.15\spring-context-6.0.15.jar;D:\maven\apache-maven-3.9.9-bin\apache-maven-3.9.9\maven-repo\org\springframework\spring-expression\6.0.15\spring-expression-6.0.15.jar;D:\maven\apache-maven-3.9.9-bin\apache-maven-3.9.9\maven-repo\org\springframework\boot\spring-boot-starter-data-redis\3.1.7\spring-boot-starter-data-redis-3.1.7.jar;D:\maven\apache-maven-3.9.9-bin\apache-maven-3.9.9\maven-repo\org\springframework\data\spring-data-redis\3.1.7\spring-data-redis-3.1.7.jar;D:\maven\apache-maven-3.9.9-bin\apache-maven-3.9.9\maven-repo\org\springframework\data\spring-data-keyvalue\3.1.7\spring-data-keyvalue-3.1.7.jar;D:\maven\apache-maven-3.9.9-bin\apache-maven-3.9.9\maven-repo\org\springframework\data\spring-data-commons\3.1.7\spring-data-commons-3.1.7.jar;D:\maven\apache-maven-3.9.9-bin\apache-maven-3.9.9\maven-repo\org\springframework\spring-tx\6.0.15\spring-tx-6.0.15.jar;D:\maven\apache-maven-3.9.9-bin\apache-maven-3.9.9\maven-repo\org\springframework\spring-oxm\6.0.15\spring-oxm-6.0.15.jar;D:\maven\apache-maven-3.9.9-bin\apache-maven-3.9.9\maven-repo\org\springframework\spring-context-support\6.0.15\spring-context-support-6.0.15.jar;D:\maven\apache-maven-3.9.9-bin\apache-maven-3.9.9\maven-repo\io\lettuce\lettuce-core\6.2.7.RELEASE\lettuce-core-6.2.7.RELEASE.jar;D:\maven\apache-maven-3.9.9-bin\apache-maven-3.9.9\maven-repo\io\netty\netty-common\4.1.104.Final\netty-common-4.1.104.Final.jar;D:\maven\apache-maven-3.9.9-bin\apache-maven-3.9.9\maven-repo\io\netty\netty-handler\4.1.104.Final\netty-handler-4.1.104.Final.jar;D:\maven\apache-maven-3.9.9-bin\apache-maven-3.9.9\maven-repo\io\netty\netty-transport-native-unix-common\4.1.104.Final\netty-transport-native-unix-common-4.1.104.Final.jar;D:\maven\apache-maven-3.9.9-bin\apache-maven-3.9.9\maven-repo\io\netty\netty-transport\4.1.104.Final\netty-transport-4.1.104.Final.jar;D:\maven\apache-maven-3.9.9-bin\apache-maven-3.9.9\maven-repo\io\projectreactor\reactor-core\3.5.13\reactor-core-3.5.13.jar;D:\maven\apache-maven-3.9.9-bin\apache-maven-3.9.9\maven-repo\org\apache\commons\commons-pool2\2.11.1\commons-pool2-2.11.1.jar;D:\maven\apache-maven-3.9.9-bin\apache-maven-3.9.9\maven-repo\org\redisson\redisson-spring-boot-starter\3.37.0\redisson-spring-boot-starter-3.37.0.jar;D:\maven\apache-maven-3.9.9-bin\apache-maven-3.9.9\maven-repo\org\springframework\boot\spring-boot-starter-actuator\3.1.7\spring-boot-starter-actuator-3.1.7.jar;D:\maven\apache-maven-3.9.9-bin\apache-maven-3.9.9\maven-repo\org\springframework\boot\spring-boot-actuator-autoconfigure\3.1.7\spring-boot-actuator-autoconfigure-3.1.7.jar;D:\maven\apache-maven-3.9.9-bin\apache-maven-3.9.9\maven-repo\org\springframework\boot\spring-boot-actuator\3.1.7\spring-boot-actuator-3.1.7.jar;D:\maven\apache-maven-3.9.9-bin\apache-maven-3.9.9\maven-repo\io\micrometer\micrometer-core\1.11.7\micrometer-core-1.11.7.jar;D:\maven\apache-maven-3.9.9-bin\apache-maven-3.9.9\maven-repo\org\hdrhistogram\HdrHistogram\2.1.12\HdrHistogram-2.1.12.jar;D:\maven\apache-maven-3.9.9-bin\apache-maven-3.9.9\maven-repo\org\latencyutils\LatencyUtils\2.0.3\LatencyUtils-2.0.3.jar;D:\maven\apache-maven-3.9.9-bin\apache-maven-3.9.9\maven-repo\org\redisson\redisson\3.37.0\redisson-3.37.0.jar;D:\maven\apache-maven-3.9.9-bin\apache-maven-3.9.9\maven-repo\io\netty\netty-codec\4.1.104.Final\netty-codec-4.1.104.Final.jar;D:\maven\apache-maven-3.9.9-bin\apache-maven-3.9.9\maven-repo\io\netty\netty-buffer\4.1.104.Final\netty-buffer-4.1.104.Final.jar;D:\maven\apache-maven-3.9.9-bin\apache-maven-3.9.9\maven-repo\io\netty\netty-resolver\4.1.104.Final\netty-resolver-4.1.104.Final.jar;D:\maven\apache-maven-3.9.9-bin\apache-maven-3.9.9\maven-repo\io\netty\netty-resolver-dns\4.1.104.Final\netty-resolver-dns-4.1.104.Final.jar;D:\maven\apache-maven-3.9.9-bin\apache-maven-3.9.9\maven-repo\io\netty\netty-codec-dns\4.1.104.Final\netty-codec-dns-4.1.104.Final.jar;D:\maven\apache-maven-3.9.9-bin\apache-maven-3.9.9\maven-repo\javax\cache\cache-api\1.1.1\cache-api-1.1.1.jar;D:\maven\apache-maven-3.9.9-bin\apache-maven-3.9.9\maven-repo\org\reactivestreams\reactive-streams\1.0.4\reactive-streams-1.0.4.jar;D:\maven\apache-maven-3.9.9-bin\apache-maven-3.9.9\maven-repo\io\reactivex\rxjava3\rxjava\3.1.8\rxjava-3.1.8.jar;D:\maven\apache-maven-3.9.9-bin\apache-maven-3.9.9\maven-repo\com\esotericsoftware\kryo\5.6.0\kryo-5.6.0.jar;D:\maven\apache-maven-3.9.9-bin\apache-maven-3.9.9\maven-repo\com\esotericsoftware\reflectasm\1.11.9\reflectasm-1.11.9.jar;D:\maven\apache-maven-3.9.9-bin\apache-maven-3.9.9\maven-repo\org\objenesis\objenesis\3.3\objenesis-3.3.jar;D:\maven\apache-maven-3.9.9-bin\apache-maven-3.9.9\maven-repo\com\esotericsoftware\minlog\1.3.1\minlog-1.3.1.jar;D:\maven\apache-maven-3.9.9-bin\apache-maven-3.9.9\maven-repo\com\fasterxml\jackson\dataformat\jackson-dataformat-yaml\2.15.3\jackson-dataformat-yaml-2.15.3.jar;D:\maven\apache-maven-3.9.9-bin\apache-maven-3.9.9\maven-repo\com\fasterxml\jackson\core\jackson-core\2.15.3\jackson-core-2.15.3.jar;D:\maven\apache-maven-3.9.9-bin\apache-maven-3.9.9\maven-repo\net\bytebuddy\byte-buddy\1.14.10\byte-buddy-1.14.10.jar;D:\maven\apache-maven-3.9.9-bin\apache-maven-3.9.9\maven-repo\org\jodd\jodd-util\6.2.2\jodd-util-6.2.2.jar;D:\maven\apache-maven-3.9.9-bin\apache-maven-3.9.9\maven-repo\org\redisson\redisson-spring-data-33\3.37.0\redisson-spring-data-33-3.37.0.jar;D:\maven\apache-maven-3.9.9-bin\apache-maven-3.9.9\maven-repo\org\springframework\boot\spring-boot-starter-validation\3.1.7\spring-boot-starter-validation-3.1.7.jar;D:\maven\apache-maven-3.9.9-bin\apache-maven-3.9.9\maven-repo\org\apache\tomcat\embed\tomcat-embed-el\10.1.17\tomcat-embed-el-10.1.17.jar;D:\maven\apache-maven-3.9.9-bin\apache-maven-3.9.9\maven-repo\jakarta\validation\jakarta.validation-api\3.0.2\jakarta.validation-api-3.0.2.jar;D:\maven\apache-maven-3.9.9-bin\apache-maven-3.9.9\maven-repo\org\hibernate\validator\hibernate-validator\8.0.1.Final\hibernate-validator-8.0.1.Final.jar;D:\maven\apache-maven-3.9.9-bin\apache-maven-3.9.9\maven-repo\org\jboss\logging\jboss-logging\3.5.3.Final\jboss-logging-3.5.3.Final.jar;D:\maven\apache-maven-3.9.9-bin\apache-maven-3.9.9\maven-repo\com\fasterxml\classmate\1.5.1\classmate-1.5.1.jar;D:\maven\apache-maven-3.9.9-bin\apache-maven-3.9.9\maven-repo\org\springframework\boot\spring-boot-starter-aop\3.1.7\spring-boot-starter-aop-3.1.7.jar;D:\maven\apache-maven-3.9.9-bin\apache-maven-3.9.9\maven-repo\org\springframework\spring-aop\6.0.15\spring-aop-6.0.15.jar;D:\maven\apache-maven-3.9.9-bin\apache-maven-3.9.9\maven-repo\org\aspectj\aspectjweaver\1.9.21\aspectjweaver-1.9.21.jar;D:\maven\apache-maven-3.9.9-bin\apache-maven-3.9.9\maven-repo\org\springframework\security\spring-security-crypto\6.1.6\spring-security-crypto-6.1.6.jar;D:\maven\apache-maven-3.9.9-bin\apache-maven-3.9.9\maven-repo\org\apache\commons\commons-lang3\3.9\commons-lang3-3.9.jar;D:\maven\apache-maven-3.9.9-bin\apache-maven-3.9.9\maven-repo\org\projectlombok\lombok\1.18.26\lombok-1.18.26.jar;D:\maven\apache-maven-3.9.9-bin\apache-maven-3.9.9\maven-repo\cn\hutool\hutool-all\5.8.21\hutool-all-5.8.21.jar;D:\maven\apache-maven-3.9.9-bin\apache-maven-3.9.9\maven-repo\org\apache\poi\poi\5.2.3\poi-5.2.3.jar;D:\maven\apache-maven-3.9.9-bin\apache-maven-3.9.9\maven-repo\commons-codec\commons-codec\1.15\commons-codec-1.15.jar;D:\maven\apache-maven-3.9.9-bin\apache-maven-3.9.9\maven-repo\org\apache\commons\commons-collections4\4.4\commons-collections4-4.4.jar;D:\maven\apache-maven-3.9.9-bin\apache-maven-3.9.9\maven-repo\org\apache\commons\commons-math3\3.6.1\commons-math3-3.6.1.jar;D:\maven\apache-maven-3.9.9-bin\apache-maven-3.9.9\maven-repo\commons-io\commons-io\2.11.0\commons-io-2.11.0.jar;D:\maven\apache-maven-3.9.9-bin\apache-maven-3.9.9\maven-repo\com\zaxxer\SparseBitSet\1.2\SparseBitSet-1.2.jar;D:\maven\apache-maven-3.9.9-bin\apache-maven-3.9.9\maven-repo\org\apache\logging\log4j\log4j-api\2.20.0\log4j-api-2.20.0.jar;D:\maven\apache-maven-3.9.9-bin\apache-maven-3.9.9\maven-repo\org\apache\poi\poi-ooxml\5.2.3\poi-ooxml-5.2.3.jar;D:\maven\apache-maven-3.9.9-bin\apache-maven-3.9.9\maven-repo\org\apache\poi\poi-ooxml-lite\5.2.3\poi-ooxml-lite-5.2.3.jar;D:\maven\apache-maven-3.9.9-bin\apache-maven-3.9.9\maven-repo\org\apache\xmlbeans\xmlbeans\5.1.1\xmlbeans-5.1.1.jar;D:\maven\apache-maven-3.9.9-bin\apache-maven-3.9.9\maven-repo\org\apache\commons\commons-compress\1.21\commons-compress-1.21.jar;D:\maven\apache-maven-3.9.9-bin\apache-maven-3.9.9\maven-repo\com\github\virtuald\curvesapi\1.07\curvesapi-1.07.jar;D:\maven\apache-maven-3.9.9-bin\apache-maven-3.9.9\maven-repo\org\apache\poi\poi-scratchpad\5.2.3\poi-scratchpad-5.2.3.jar;D:\maven\apache-maven-3.9.9-bin\apache-maven-3.9.9\maven-repo\com\fasterxml\jackson\core\jackson-annotations\2.15.3\jackson-annotations-2.15.3.jar;D:\maven\apache-maven-3.9.9-bin\apache-maven-3.9.9\maven-repo\org\springframework\boot\spring-boot-starter\3.1.7\spring-boot-starter-3.1.7.jar;D:\maven\apache-maven-3.9.9-bin\apache-maven-3.9.9\maven-repo\org\springframework\boot\spring-boot\3.1.7\spring-boot-3.1.7.jar;D:\maven\apache-maven-3.9.9-bin\apache-maven-3.9.9\maven-repo\org\springframework\boot\spring-boot-autoconfigure\3.1.7\spring-boot-autoconfigure-3.1.7.jar;D:\maven\apache-maven-3.9.9-bin\apache-maven-3.9.9\maven-repo\org\springframework\boot\spring-boot-starter-logging\3.1.7\spring-boot-starter-logging-3.1.7.jar;D:\maven\apache-maven-3.9.9-bin\apache-maven-3.9.9\maven-repo\ch\qos\logback\logback-classic\1.4.14\logback-classic-1.4.14.jar;D:\maven\apache-maven-3.9.9-bin\apache-maven-3.9.9\maven-repo\ch\qos\logback\logback-core\1.4.14\logback-core-1.4.14.jar;D:\maven\apache-maven-3.9.9-bin\apache-maven-3.9.9\maven-repo\org\apache\logging\log4j\log4j-to-slf4j\2.20.0\log4j-to-slf4j-2.20.0.jar;D:\maven\apache-maven-3.9.9-bin\apache-maven-3.9.9\maven-repo\org\slf4j\jul-to-slf4j\2.0.9\jul-to-slf4j-2.0.9.jar;D:\maven\apache-maven-3.9.9-bin\apache-maven-3.9.9\maven-repo\jakarta\annotation\jakarta.annotation-api\2.1.1\jakarta.annotation-api-2.1.1.jar;D:\maven\apache-maven-3.9.9-bin\apache-maven-3.9.9\maven-repo\org\springframework\spring-core\6.0.15\spring-core-6.0.15.jar;D:\maven\apache-maven-3.9.9-bin\apache-maven-3.9.9\maven-repo\org\springframework\spring-jcl\6.0.15\spring-jcl-6.0.15.jar;D:\maven\apache-maven-3.9.9-bin\apache-maven-3.9.9\maven-repo\org\yaml\snakeyaml\1.33\snakeyaml-1.33.jar;D:\maven\apache-maven-3.9.9-bin\apache-maven-3.9.9\maven-repo\org\springframework\boot\spring-boot-devtools\3.1.7\spring-boot-devtools-3.1.7.jar;D:\maven\apache-maven-3.9.9-bin\apache-maven-3.9.9\maven-repo\com\baomidou\mybatis-plus-boot-starter\3.5.12\mybatis-plus-boot-starter-3.5.12.jar;D:\maven\apache-maven-3.9.9-bin\apache-maven-3.9.9\maven-repo\com\baomidou\mybatis-plus\3.5.12\mybatis-plus-3.5.12.jar;D:\maven\apache-maven-3.9.9-bin\apache-maven-3.9.9\maven-repo\com\baomidou\mybatis-plus-annotation\3.5.12\mybatis-plus-annotation-3.5.12.jar;D:\maven\apache-maven-3.9.9-bin\apache-maven-3.9.9\maven-repo\com\baomidou\mybatis-plus-spring\3.5.12\mybatis-plus-spring-3.5.12.jar;D:\maven\apache-maven-3.9.9-bin\apache-maven-3.9.9\maven-repo\org\mybatis\mybatis\3.5.19\mybatis-3.5.19.jar;D:\maven\apache-maven-3.9.9-bin\apache-maven-3.9.9\maven-repo\org\mybatis\mybatis-spring\2.1.2\mybatis-spring-2.1.2.jar;D:\maven\apache-maven-3.9.9-bin\apache-maven-3.9.9\maven-repo\com\baomidou\mybatis-plus-spring-boot-autoconfigure\3.5.12\mybatis-plus-spring-boot-autoconfigure-3.5.12.jar;D:\maven\apache-maven-3.9.9-bin\apache-maven-3.9.9\maven-repo\org\springframework\boot\spring-boot-starter-jdbc\3.1.7\spring-boot-starter-jdbc-3.1.7.jar;D:\maven\apache-maven-3.9.9-bin\apache-maven-3.9.9\maven-repo\com\zaxxer\HikariCP\5.0.1\HikariCP-5.0.1.jar;D:\maven\apache-maven-3.9.9-bin\apache-maven-3.9.9\maven-repo\org\springframework\spring-jdbc\6.0.15\spring-jdbc-6.0.15.jar;D:\maven\apache-maven-3.9.9-bin\apache-maven-3.9.9\maven-repo\com\baomidou\mybatis-plus-extension\3.5.12\mybatis-plus-extension-3.5.12.jar;D:\maven\apache-maven-3.9.9-bin\apache-maven-3.9.9\maven-repo\com\baomidou\mybatis-plus-core\3.5.12\mybatis-plus-core-3.5.12.jar;D:\maven\apache-maven-3.9.9-bin\apache-maven-3.9.9\maven-repo\com\baomidou\mybatis-plus-jsqlparser\3.5.12\mybatis-plus-jsqlparser-3.5.12.jar;D:\maven\apache-maven-3.9.9-bin\apache-maven-3.9.9\maven-repo\com\github\jsqlparser\jsqlparser\5.1\jsqlparser-5.1.jar;D:\maven\apache-maven-3.9.9-bin\apache-maven-3.9.9\maven-repo\com\baomidou\mybatis-plus-jsqlparser-common\3.5.12\mybatis-plus-jsqlparser-common-3.5.12.jar;D:\maven\apache-maven-3.9.9-bin\apache-maven-3.9.9\maven-repo\com\mysql\mysql-connector-j\8.0.33\mysql-connector-j-8.0.33.jar;D:\maven\apache-maven-3.9.9-bin\apache-maven-3.9.9\maven-repo\com\alibaba\druid-spring-boot-starter\1.2.16\druid-spring-boot-starter-1.2.16.jar;D:\maven\apache-maven-3.9.9-bin\apache-maven-3.9.9\maven-repo\com\alibaba\druid\1.2.16\druid-1.2.16.jar;D:\maven\apache-maven-3.9.9-bin\apache-maven-3.9.9\maven-repo\org\slf4j\slf4j-api\2.0.9\slf4j-api-2.0.9.jar;D:\maven\apache-maven-3.9.9-bin\apache-maven-3.9.9\maven-repo\cn\dev33\sa-token-spring-boot3-starter\1.37.0\sa-token-spring-boot3-starter-1.37.0.jar;D:\maven\apache-maven-3.9.9-bin\apache-maven-3.9.9\maven-repo\cn\dev33\sa-token-jakarta-servlet\1.37.0\sa-token-jakarta-servlet-1.37.0.jar;D:\maven\apache-maven-3.9.9-bin\apache-maven-3.9.9\maven-repo\jakarta\servlet\jakarta.servlet-api\6.0.0\jakarta.servlet-api-6.0.0.jar;D:\maven\apache-maven-3.9.9-bin\apache-maven-3.9.9\maven-repo\cn\dev33\sa-token-spring-boot-autoconfig\1.37.0\sa-token-spring-boot-autoconfig-1.37.0.jar;D:\maven\apache-maven-3.9.9-bin\apache-maven-3.9.9\maven-repo\cn\dev33\sa-token-jwt\1.37.0\sa-token-jwt-1.37.0.jar;D:\maven\apache-maven-3.9.9-bin\apache-maven-3.9.9\maven-repo\cn\dev33\sa-token-core\1.37.0\sa-token-core-1.37.0.jar;D:\maven\apache-maven-3.9.9-bin\apache-maven-3.9.9\maven-repo\cn\hutool\hutool-jwt\5.8.20\hutool-jwt-5.8.20.jar;D:\maven\apache-maven-3.9.9-bin\apache-maven-3.9.9\maven-repo\cn\hutool\hutool-json\5.8.20\hutool-json-5.8.20.jar;D:\maven\apache-maven-3.9.9-bin\apache-maven-3.9.9\maven-repo\cn\hutool\hutool-core\5.8.20\hutool-core-5.8.20.jar;D:\maven\apache-maven-3.9.9-bin\apache-maven-3.9.9\maven-repo\cn\hutool\hutool-crypto\5.8.20\hutool-crypto-5.8.20.jar;D:\maven\apache-maven-3.9.9-bin\apache-maven-3.9.9\maven-repo\cn\dev33\sa-token-redis-jackson\1.37.0\sa-token-redis-jackson-1.37.0.jar;D:\maven\apache-maven-3.9.9-bin\apache-maven-3.9.9\maven-repo\cn\dev33\sa-token-spring-aop\1.37.0\sa-token-spring-aop-1.37.0.jar;"/>
    <property name="java.vm.vendor" value="Oracle Corporation"/>
    <property name="sun.arch.data.model" value="64"/>
    <property name="user.variant" value=""/>
    <property name="java.vendor.url" value="https://java.oracle.com/"/>
    <property name="user.timezone" value="GMT+08:00"/>
    <property name="os.name" value="Windows 11"/>
    <property name="java.vm.specification.version" value="17"/>
    <property name="sun.java.launcher" value="SUN_STANDARD"/>
    <property name="user.country" value="CN"/>
    <property name="sun.boot.library.path" value="D:\Developer\JDK\JDK17\bin"/>
    <property name="sun.java.command" value="C:\Users\h\AppData\Local\Temp\surefire16859600463494866903\surefirebooter-20250912113403934_3.jar C:\Users\h\AppData\Local\Temp\surefire16859600463494866903 2025-09-12T11-34-03_791-jvmRun1 surefire-20250912113403934_1tmp surefire_0-20250912113403934_2tmp"/>
    <property name="jdk.debug" value="release"/>
    <property name="surefire.test.class.path" value="D:\codes\ruoyi\fuben\loginAndUi\login\target\test-classes;D:\codes\ruoyi\fuben\loginAndUi\login\target\classes;D:\maven\apache-maven-3.9.9-bin\apache-maven-3.9.9\maven-repo\org\springframework\boot\spring-boot-starter-web\3.1.7\spring-boot-starter-web-3.1.7.jar;D:\maven\apache-maven-3.9.9-bin\apache-maven-3.9.9\maven-repo\org\springframework\boot\spring-boot-starter-json\3.1.7\spring-boot-starter-json-3.1.7.jar;D:\maven\apache-maven-3.9.9-bin\apache-maven-3.9.9\maven-repo\com\fasterxml\jackson\core\jackson-databind\2.15.3\jackson-databind-2.15.3.jar;D:\maven\apache-maven-3.9.9-bin\apache-maven-3.9.9\maven-repo\com\fasterxml\jackson\datatype\jackson-datatype-jdk8\2.15.3\jackson-datatype-jdk8-2.15.3.jar;D:\maven\apache-maven-3.9.9-bin\apache-maven-3.9.9\maven-repo\com\fasterxml\jackson\datatype\jackson-datatype-jsr310\2.15.3\jackson-datatype-jsr310-2.15.3.jar;D:\maven\apache-maven-3.9.9-bin\apache-maven-3.9.9\maven-repo\com\fasterxml\jackson\module\jackson-module-parameter-names\2.15.3\jackson-module-parameter-names-2.15.3.jar;D:\maven\apache-maven-3.9.9-bin\apache-maven-3.9.9\maven-repo\org\springframework\boot\spring-boot-starter-tomcat\3.1.7\spring-boot-starter-tomcat-3.1.7.jar;D:\maven\apache-maven-3.9.9-bin\apache-maven-3.9.9\maven-repo\org\apache\tomcat\embed\tomcat-embed-core\10.1.17\tomcat-embed-core-10.1.17.jar;D:\maven\apache-maven-3.9.9-bin\apache-maven-3.9.9\maven-repo\org\apache\tomcat\embed\tomcat-embed-websocket\10.1.17\tomcat-embed-websocket-10.1.17.jar;D:\maven\apache-maven-3.9.9-bin\apache-maven-3.9.9\maven-repo\org\springframework\spring-web\6.0.15\spring-web-6.0.15.jar;D:\maven\apache-maven-3.9.9-bin\apache-maven-3.9.9\maven-repo\org\springframework\spring-beans\6.0.15\spring-beans-6.0.15.jar;D:\maven\apache-maven-3.9.9-bin\apache-maven-3.9.9\maven-repo\io\micrometer\micrometer-observation\1.11.7\micrometer-observation-1.11.7.jar;D:\maven\apache-maven-3.9.9-bin\apache-maven-3.9.9\maven-repo\io\micrometer\micrometer-commons\1.11.7\micrometer-commons-1.11.7.jar;D:\maven\apache-maven-3.9.9-bin\apache-maven-3.9.9\maven-repo\org\springframework\spring-webmvc\6.0.15\spring-webmvc-6.0.15.jar;D:\maven\apache-maven-3.9.9-bin\apache-maven-3.9.9\maven-repo\org\springframework\spring-context\6.0.15\spring-context-6.0.15.jar;D:\maven\apache-maven-3.9.9-bin\apache-maven-3.9.9\maven-repo\org\springframework\spring-expression\6.0.15\spring-expression-6.0.15.jar;D:\maven\apache-maven-3.9.9-bin\apache-maven-3.9.9\maven-repo\org\springframework\boot\spring-boot-starter-data-redis\3.1.7\spring-boot-starter-data-redis-3.1.7.jar;D:\maven\apache-maven-3.9.9-bin\apache-maven-3.9.9\maven-repo\org\springframework\data\spring-data-redis\3.1.7\spring-data-redis-3.1.7.jar;D:\maven\apache-maven-3.9.9-bin\apache-maven-3.9.9\maven-repo\org\springframework\data\spring-data-keyvalue\3.1.7\spring-data-keyvalue-3.1.7.jar;D:\maven\apache-maven-3.9.9-bin\apache-maven-3.9.9\maven-repo\org\springframework\data\spring-data-commons\3.1.7\spring-data-commons-3.1.7.jar;D:\maven\apache-maven-3.9.9-bin\apache-maven-3.9.9\maven-repo\org\springframework\spring-tx\6.0.15\spring-tx-6.0.15.jar;D:\maven\apache-maven-3.9.9-bin\apache-maven-3.9.9\maven-repo\org\springframework\spring-oxm\6.0.15\spring-oxm-6.0.15.jar;D:\maven\apache-maven-3.9.9-bin\apache-maven-3.9.9\maven-repo\org\springframework\spring-context-support\6.0.15\spring-context-support-6.0.15.jar;D:\maven\apache-maven-3.9.9-bin\apache-maven-3.9.9\maven-repo\io\lettuce\lettuce-core\6.2.7.RELEASE\lettuce-core-6.2.7.RELEASE.jar;D:\maven\apache-maven-3.9.9-bin\apache-maven-3.9.9\maven-repo\io\netty\netty-common\4.1.104.Final\netty-common-4.1.104.Final.jar;D:\maven\apache-maven-3.9.9-bin\apache-maven-3.9.9\maven-repo\io\netty\netty-handler\4.1.104.Final\netty-handler-4.1.104.Final.jar;D:\maven\apache-maven-3.9.9-bin\apache-maven-3.9.9\maven-repo\io\netty\netty-transport-native-unix-common\4.1.104.Final\netty-transport-native-unix-common-4.1.104.Final.jar;D:\maven\apache-maven-3.9.9-bin\apache-maven-3.9.9\maven-repo\io\netty\netty-transport\4.1.104.Final\netty-transport-4.1.104.Final.jar;D:\maven\apache-maven-3.9.9-bin\apache-maven-3.9.9\maven-repo\io\projectreactor\reactor-core\3.5.13\reactor-core-3.5.13.jar;D:\maven\apache-maven-3.9.9-bin\apache-maven-3.9.9\maven-repo\org\apache\commons\commons-pool2\2.11.1\commons-pool2-2.11.1.jar;D:\maven\apache-maven-3.9.9-bin\apache-maven-3.9.9\maven-repo\org\redisson\redisson-spring-boot-starter\3.37.0\redisson-spring-boot-starter-3.37.0.jar;D:\maven\apache-maven-3.9.9-bin\apache-maven-3.9.9\maven-repo\org\springframework\boot\spring-boot-starter-actuator\3.1.7\spring-boot-starter-actuator-3.1.7.jar;D:\maven\apache-maven-3.9.9-bin\apache-maven-3.9.9\maven-repo\org\springframework\boot\spring-boot-actuator-autoconfigure\3.1.7\spring-boot-actuator-autoconfigure-3.1.7.jar;D:\maven\apache-maven-3.9.9-bin\apache-maven-3.9.9\maven-repo\org\springframework\boot\spring-boot-actuator\3.1.7\spring-boot-actuator-3.1.7.jar;D:\maven\apache-maven-3.9.9-bin\apache-maven-3.9.9\maven-repo\io\micrometer\micrometer-core\1.11.7\micrometer-core-1.11.7.jar;D:\maven\apache-maven-3.9.9-bin\apache-maven-3.9.9\maven-repo\org\hdrhistogram\HdrHistogram\2.1.12\HdrHistogram-2.1.12.jar;D:\maven\apache-maven-3.9.9-bin\apache-maven-3.9.9\maven-repo\org\latencyutils\LatencyUtils\2.0.3\LatencyUtils-2.0.3.jar;D:\maven\apache-maven-3.9.9-bin\apache-maven-3.9.9\maven-repo\org\redisson\redisson\3.37.0\redisson-3.37.0.jar;D:\maven\apache-maven-3.9.9-bin\apache-maven-3.9.9\maven-repo\io\netty\netty-codec\4.1.104.Final\netty-codec-4.1.104.Final.jar;D:\maven\apache-maven-3.9.9-bin\apache-maven-3.9.9\maven-repo\io\netty\netty-buffer\4.1.104.Final\netty-buffer-4.1.104.Final.jar;D:\maven\apache-maven-3.9.9-bin\apache-maven-3.9.9\maven-repo\io\netty\netty-resolver\4.1.104.Final\netty-resolver-4.1.104.Final.jar;D:\maven\apache-maven-3.9.9-bin\apache-maven-3.9.9\maven-repo\io\netty\netty-resolver-dns\4.1.104.Final\netty-resolver-dns-4.1.104.Final.jar;D:\maven\apache-maven-3.9.9-bin\apache-maven-3.9.9\maven-repo\io\netty\netty-codec-dns\4.1.104.Final\netty-codec-dns-4.1.104.Final.jar;D:\maven\apache-maven-3.9.9-bin\apache-maven-3.9.9\maven-repo\javax\cache\cache-api\1.1.1\cache-api-1.1.1.jar;D:\maven\apache-maven-3.9.9-bin\apache-maven-3.9.9\maven-repo\org\reactivestreams\reactive-streams\1.0.4\reactive-streams-1.0.4.jar;D:\maven\apache-maven-3.9.9-bin\apache-maven-3.9.9\maven-repo\io\reactivex\rxjava3\rxjava\3.1.8\rxjava-3.1.8.jar;D:\maven\apache-maven-3.9.9-bin\apache-maven-3.9.9\maven-repo\com\esotericsoftware\kryo\5.6.0\kryo-5.6.0.jar;D:\maven\apache-maven-3.9.9-bin\apache-maven-3.9.9\maven-repo\com\esotericsoftware\reflectasm\1.11.9\reflectasm-1.11.9.jar;D:\maven\apache-maven-3.9.9-bin\apache-maven-3.9.9\maven-repo\org\objenesis\objenesis\3.3\objenesis-3.3.jar;D:\maven\apache-maven-3.9.9-bin\apache-maven-3.9.9\maven-repo\com\esotericsoftware\minlog\1.3.1\minlog-1.3.1.jar;D:\maven\apache-maven-3.9.9-bin\apache-maven-3.9.9\maven-repo\com\fasterxml\jackson\dataformat\jackson-dataformat-yaml\2.15.3\jackson-dataformat-yaml-2.15.3.jar;D:\maven\apache-maven-3.9.9-bin\apache-maven-3.9.9\maven-repo\com\fasterxml\jackson\core\jackson-core\2.15.3\jackson-core-2.15.3.jar;D:\maven\apache-maven-3.9.9-bin\apache-maven-3.9.9\maven-repo\net\bytebuddy\byte-buddy\1.14.10\byte-buddy-1.14.10.jar;D:\maven\apache-maven-3.9.9-bin\apache-maven-3.9.9\maven-repo\org\jodd\jodd-util\6.2.2\jodd-util-6.2.2.jar;D:\maven\apache-maven-3.9.9-bin\apache-maven-3.9.9\maven-repo\org\redisson\redisson-spring-data-33\3.37.0\redisson-spring-data-33-3.37.0.jar;D:\maven\apache-maven-3.9.9-bin\apache-maven-3.9.9\maven-repo\org\springframework\boot\spring-boot-starter-validation\3.1.7\spring-boot-starter-validation-3.1.7.jar;D:\maven\apache-maven-3.9.9-bin\apache-maven-3.9.9\maven-repo\org\apache\tomcat\embed\tomcat-embed-el\10.1.17\tomcat-embed-el-10.1.17.jar;D:\maven\apache-maven-3.9.9-bin\apache-maven-3.9.9\maven-repo\jakarta\validation\jakarta.validation-api\3.0.2\jakarta.validation-api-3.0.2.jar;D:\maven\apache-maven-3.9.9-bin\apache-maven-3.9.9\maven-repo\org\hibernate\validator\hibernate-validator\8.0.1.Final\hibernate-validator-8.0.1.Final.jar;D:\maven\apache-maven-3.9.9-bin\apache-maven-3.9.9\maven-repo\org\jboss\logging\jboss-logging\3.5.3.Final\jboss-logging-3.5.3.Final.jar;D:\maven\apache-maven-3.9.9-bin\apache-maven-3.9.9\maven-repo\com\fasterxml\classmate\1.5.1\classmate-1.5.1.jar;D:\maven\apache-maven-3.9.9-bin\apache-maven-3.9.9\maven-repo\org\springframework\boot\spring-boot-starter-aop\3.1.7\spring-boot-starter-aop-3.1.7.jar;D:\maven\apache-maven-3.9.9-bin\apache-maven-3.9.9\maven-repo\org\springframework\spring-aop\6.0.15\spring-aop-6.0.15.jar;D:\maven\apache-maven-3.9.9-bin\apache-maven-3.9.9\maven-repo\org\aspectj\aspectjweaver\1.9.21\aspectjweaver-1.9.21.jar;D:\maven\apache-maven-3.9.9-bin\apache-maven-3.9.9\maven-repo\org\springframework\security\spring-security-crypto\6.1.6\spring-security-crypto-6.1.6.jar;D:\maven\apache-maven-3.9.9-bin\apache-maven-3.9.9\maven-repo\org\apache\commons\commons-lang3\3.9\commons-lang3-3.9.jar;D:\maven\apache-maven-3.9.9-bin\apache-maven-3.9.9\maven-repo\org\projectlombok\lombok\1.18.26\lombok-1.18.26.jar;D:\maven\apache-maven-3.9.9-bin\apache-maven-3.9.9\maven-repo\cn\hutool\hutool-all\5.8.21\hutool-all-5.8.21.jar;D:\maven\apache-maven-3.9.9-bin\apache-maven-3.9.9\maven-repo\org\apache\poi\poi\5.2.3\poi-5.2.3.jar;D:\maven\apache-maven-3.9.9-bin\apache-maven-3.9.9\maven-repo\commons-codec\commons-codec\1.15\commons-codec-1.15.jar;D:\maven\apache-maven-3.9.9-bin\apache-maven-3.9.9\maven-repo\org\apache\commons\commons-collections4\4.4\commons-collections4-4.4.jar;D:\maven\apache-maven-3.9.9-bin\apache-maven-3.9.9\maven-repo\org\apache\commons\commons-math3\3.6.1\commons-math3-3.6.1.jar;D:\maven\apache-maven-3.9.9-bin\apache-maven-3.9.9\maven-repo\commons-io\commons-io\2.11.0\commons-io-2.11.0.jar;D:\maven\apache-maven-3.9.9-bin\apache-maven-3.9.9\maven-repo\com\zaxxer\SparseBitSet\1.2\SparseBitSet-1.2.jar;D:\maven\apache-maven-3.9.9-bin\apache-maven-3.9.9\maven-repo\org\apache\logging\log4j\log4j-api\2.20.0\log4j-api-2.20.0.jar;D:\maven\apache-maven-3.9.9-bin\apache-maven-3.9.9\maven-repo\org\apache\poi\poi-ooxml\5.2.3\poi-ooxml-5.2.3.jar;D:\maven\apache-maven-3.9.9-bin\apache-maven-3.9.9\maven-repo\org\apache\poi\poi-ooxml-lite\5.2.3\poi-ooxml-lite-5.2.3.jar;D:\maven\apache-maven-3.9.9-bin\apache-maven-3.9.9\maven-repo\org\apache\xmlbeans\xmlbeans\5.1.1\xmlbeans-5.1.1.jar;D:\maven\apache-maven-3.9.9-bin\apache-maven-3.9.9\maven-repo\org\apache\commons\commons-compress\1.21\commons-compress-1.21.jar;D:\maven\apache-maven-3.9.9-bin\apache-maven-3.9.9\maven-repo\com\github\virtuald\curvesapi\1.07\curvesapi-1.07.jar;D:\maven\apache-maven-3.9.9-bin\apache-maven-3.9.9\maven-repo\org\apache\poi\poi-scratchpad\5.2.3\poi-scratchpad-5.2.3.jar;D:\maven\apache-maven-3.9.9-bin\apache-maven-3.9.9\maven-repo\com\fasterxml\jackson\core\jackson-annotations\2.15.3\jackson-annotations-2.15.3.jar;D:\maven\apache-maven-3.9.9-bin\apache-maven-3.9.9\maven-repo\org\springframework\boot\spring-boot-starter\3.1.7\spring-boot-starter-3.1.7.jar;D:\maven\apache-maven-3.9.9-bin\apache-maven-3.9.9\maven-repo\org\springframework\boot\spring-boot\3.1.7\spring-boot-3.1.7.jar;D:\maven\apache-maven-3.9.9-bin\apache-maven-3.9.9\maven-repo\org\springframework\boot\spring-boot-autoconfigure\3.1.7\spring-boot-autoconfigure-3.1.7.jar;D:\maven\apache-maven-3.9.9-bin\apache-maven-3.9.9\maven-repo\org\springframework\boot\spring-boot-starter-logging\3.1.7\spring-boot-starter-logging-3.1.7.jar;D:\maven\apache-maven-3.9.9-bin\apache-maven-3.9.9\maven-repo\ch\qos\logback\logback-classic\1.4.14\logback-classic-1.4.14.jar;D:\maven\apache-maven-3.9.9-bin\apache-maven-3.9.9\maven-repo\ch\qos\logback\logback-core\1.4.14\logback-core-1.4.14.jar;D:\maven\apache-maven-3.9.9-bin\apache-maven-3.9.9\maven-repo\org\apache\logging\log4j\log4j-to-slf4j\2.20.0\log4j-to-slf4j-2.20.0.jar;D:\maven\apache-maven-3.9.9-bin\apache-maven-3.9.9\maven-repo\org\slf4j\jul-to-slf4j\2.0.9\jul-to-slf4j-2.0.9.jar;D:\maven\apache-maven-3.9.9-bin\apache-maven-3.9.9\maven-repo\jakarta\annotation\jakarta.annotation-api\2.1.1\jakarta.annotation-api-2.1.1.jar;D:\maven\apache-maven-3.9.9-bin\apache-maven-3.9.9\maven-repo\org\springframework\spring-core\6.0.15\spring-core-6.0.15.jar;D:\maven\apache-maven-3.9.9-bin\apache-maven-3.9.9\maven-repo\org\springframework\spring-jcl\6.0.15\spring-jcl-6.0.15.jar;D:\maven\apache-maven-3.9.9-bin\apache-maven-3.9.9\maven-repo\org\yaml\snakeyaml\1.33\snakeyaml-1.33.jar;D:\maven\apache-maven-3.9.9-bin\apache-maven-3.9.9\maven-repo\org\springframework\boot\spring-boot-devtools\3.1.7\spring-boot-devtools-3.1.7.jar;D:\maven\apache-maven-3.9.9-bin\apache-maven-3.9.9\maven-repo\com\baomidou\mybatis-plus-boot-starter\3.5.12\mybatis-plus-boot-starter-3.5.12.jar;D:\maven\apache-maven-3.9.9-bin\apache-maven-3.9.9\maven-repo\com\baomidou\mybatis-plus\3.5.12\mybatis-plus-3.5.12.jar;D:\maven\apache-maven-3.9.9-bin\apache-maven-3.9.9\maven-repo\com\baomidou\mybatis-plus-annotation\3.5.12\mybatis-plus-annotation-3.5.12.jar;D:\maven\apache-maven-3.9.9-bin\apache-maven-3.9.9\maven-repo\com\baomidou\mybatis-plus-spring\3.5.12\mybatis-plus-spring-3.5.12.jar;D:\maven\apache-maven-3.9.9-bin\apache-maven-3.9.9\maven-repo\org\mybatis\mybatis\3.5.19\mybatis-3.5.19.jar;D:\maven\apache-maven-3.9.9-bin\apache-maven-3.9.9\maven-repo\org\mybatis\mybatis-spring\2.1.2\mybatis-spring-2.1.2.jar;D:\maven\apache-maven-3.9.9-bin\apache-maven-3.9.9\maven-repo\com\baomidou\mybatis-plus-spring-boot-autoconfigure\3.5.12\mybatis-plus-spring-boot-autoconfigure-3.5.12.jar;D:\maven\apache-maven-3.9.9-bin\apache-maven-3.9.9\maven-repo\org\springframework\boot\spring-boot-starter-jdbc\3.1.7\spring-boot-starter-jdbc-3.1.7.jar;D:\maven\apache-maven-3.9.9-bin\apache-maven-3.9.9\maven-repo\com\zaxxer\HikariCP\5.0.1\HikariCP-5.0.1.jar;D:\maven\apache-maven-3.9.9-bin\apache-maven-3.9.9\maven-repo\org\springframework\spring-jdbc\6.0.15\spring-jdbc-6.0.15.jar;D:\maven\apache-maven-3.9.9-bin\apache-maven-3.9.9\maven-repo\com\baomidou\mybatis-plus-extension\3.5.12\mybatis-plus-extension-3.5.12.jar;D:\maven\apache-maven-3.9.9-bin\apache-maven-3.9.9\maven-repo\com\baomidou\mybatis-plus-core\3.5.12\mybatis-plus-core-3.5.12.jar;D:\maven\apache-maven-3.9.9-bin\apache-maven-3.9.9\maven-repo\com\baomidou\mybatis-plus-jsqlparser\3.5.12\mybatis-plus-jsqlparser-3.5.12.jar;D:\maven\apache-maven-3.9.9-bin\apache-maven-3.9.9\maven-repo\com\github\jsqlparser\jsqlparser\5.1\jsqlparser-5.1.jar;D:\maven\apache-maven-3.9.9-bin\apache-maven-3.9.9\maven-repo\com\baomidou\mybatis-plus-jsqlparser-common\3.5.12\mybatis-plus-jsqlparser-common-3.5.12.jar;D:\maven\apache-maven-3.9.9-bin\apache-maven-3.9.9\maven-repo\com\mysql\mysql-connector-j\8.0.33\mysql-connector-j-8.0.33.jar;D:\maven\apache-maven-3.9.9-bin\apache-maven-3.9.9\maven-repo\com\alibaba\druid-spring-boot-starter\1.2.16\druid-spring-boot-starter-1.2.16.jar;D:\maven\apache-maven-3.9.9-bin\apache-maven-3.9.9\maven-repo\com\alibaba\druid\1.2.16\druid-1.2.16.jar;D:\maven\apache-maven-3.9.9-bin\apache-maven-3.9.9\maven-repo\org\slf4j\slf4j-api\2.0.9\slf4j-api-2.0.9.jar;D:\maven\apache-maven-3.9.9-bin\apache-maven-3.9.9\maven-repo\cn\dev33\sa-token-spring-boot3-starter\1.37.0\sa-token-spring-boot3-starter-1.37.0.jar;D:\maven\apache-maven-3.9.9-bin\apache-maven-3.9.9\maven-repo\cn\dev33\sa-token-jakarta-servlet\1.37.0\sa-token-jakarta-servlet-1.37.0.jar;D:\maven\apache-maven-3.9.9-bin\apache-maven-3.9.9\maven-repo\jakarta\servlet\jakarta.servlet-api\6.0.0\jakarta.servlet-api-6.0.0.jar;D:\maven\apache-maven-3.9.9-bin\apache-maven-3.9.9\maven-repo\cn\dev33\sa-token-spring-boot-autoconfig\1.37.0\sa-token-spring-boot-autoconfig-1.37.0.jar;D:\maven\apache-maven-3.9.9-bin\apache-maven-3.9.9\maven-repo\cn\dev33\sa-token-jwt\1.37.0\sa-token-jwt-1.37.0.jar;D:\maven\apache-maven-3.9.9-bin\apache-maven-3.9.9\maven-repo\cn\dev33\sa-token-core\1.37.0\sa-token-core-1.37.0.jar;D:\maven\apache-maven-3.9.9-bin\apache-maven-3.9.9\maven-repo\cn\hutool\hutool-jwt\5.8.20\hutool-jwt-5.8.20.jar;D:\maven\apache-maven-3.9.9-bin\apache-maven-3.9.9\maven-repo\cn\hutool\hutool-json\5.8.20\hutool-json-5.8.20.jar;D:\maven\apache-maven-3.9.9-bin\apache-maven-3.9.9\maven-repo\cn\hutool\hutool-core\5.8.20\hutool-core-5.8.20.jar;D:\maven\apache-maven-3.9.9-bin\apache-maven-3.9.9\maven-repo\cn\hutool\hutool-crypto\5.8.20\hutool-crypto-5.8.20.jar;D:\maven\apache-maven-3.9.9-bin\apache-maven-3.9.9\maven-repo\cn\dev33\sa-token-redis-jackson\1.37.0\sa-token-redis-jackson-1.37.0.jar;D:\maven\apache-maven-3.9.9-bin\apache-maven-3.9.9\maven-repo\cn\dev33\sa-token-spring-aop\1.37.0\sa-token-spring-aop-1.37.0.jar;"/>
    <property name="sun.cpu.endian" value="little"/>
    <property name="user.home" value="C:\Users\h"/>
    <property name="user.language" value="zh"/>
    <property name="java.specification.vendor" value="Oracle Corporation"/>
    <property name="java.version.date" value="2024-04-16"/>
    <property name="java.home" value="D:\Developer\JDK\JDK17"/>
    <property name="file.separator" value="\"/>
    <property name="basedir" value="D:\codes\ruoyi\fuben\loginAndUi\login"/>
    <property name="java.vm.compressedOopsMode" value="Zero based"/>
    <property name="line.separator" value="&#10;"/>
    <property name="java.vm.specification.vendor" value="Oracle Corporation"/>
    <property name="java.specification.name" value="Java Platform API Specification"/>
    <property name="surefire.real.class.path" value="C:\Users\h\AppData\Local\Temp\surefire16859600463494866903\surefirebooter-20250912113403934_3.jar"/>
    <property name="user.script" value=""/>
    <property name="sun.management.compiler" value="HotSpot 64-Bit Tiered Compilers"/>
    <property name="java.runtime.version" value="17.0.11+7-LTS-207"/>
    <property name="user.name" value="h"/>
    <property name="path.separator" value=";"/>
    <property name="os.version" value="10.0"/>
    <property name="java.runtime.name" value="Java(TM) SE Runtime Environment"/>
    <property name="file.encoding" value="GBK"/>
    <property name="java.vm.name" value="Java HotSpot(TM) 64-Bit Server VM"/>
    <property name="localRepository" value="D:\maven\apache-maven-3.9.9-bin\apache-maven-3.9.9\maven-repo"/>
    <property name="java.vendor.url.bug" value="https://bugreport.java.com/bugreport/"/>
    <property name="java.io.tmpdir" value="C:\Users\h\AppData\Local\Temp\"/>
    <property name="java.version" value="17.0.11"/>
    <property name="user.dir" value="D:\codes\ruoyi\fuben\loginAndUi\login"/>
    <property name="os.arch" value="amd64"/>
    <property name="java.vm.specification.name" value="Java Virtual Machine Specification"/>
    <property name="sun.os.patch.level" value=""/>
    <property name="native.encoding" value="GBK"/>
    <property name="java.library.path" value="D:\Developer\JDK\JDK17\bin;C:\WINDOWS\Sun\Java\bin;C:\WINDOWS\system32;C:\WINDOWS;D:\\Developer\\JDK\\JDK17\\bin;C:\\Users\\h\\.trae\\tools\\maven\\latest\\bin;C:\\Users\\h\\.trae\\tools\\gradle\\latest\\bin;c:\\Users\\h\\.trae\\sdks\\workspaces\\715e2830\\versions\\node\\current;c:\\Users\\h\\.trae\\sdks\\versions\\node\\current;D:\Developer\JDK\JDK17\bin;C:\Users\h\.trae\tools\maven\latest\bin;C:\Users\h\.trae\tools\gradle\latest\bin;c:\Users\h\.trae\sdks\workspaces\715e2830\versions\node\current;c:\Users\h\.trae\sdks\versions\node\current;E:\cuda-toolkit\bin;E:\cuda-toolkit\libnvvp;;;C:\Program Files\Common Files\Oracle\Java\javapath;C:\windows\system32;C:\windows;C:\windows\System32\Wbem;C:\windows\System32\WindowsPowerShell\v1.0\;C:\windows\System32\OpenSSH\;C:\Program Files (x86)\NVIDIA Corporation\PhysX\Common;C:\WINDOWS\system32;C:\WINDOWS;C:\WINDOWS\System32\Wbem;C:\WINDOWS\System32\WindowsPowerShell\v1.0\;C:\WINDOWS\System32\OpenSSH\;D:\Developer\JDK\JDK17\bin;D:\Developer\vscode\nodejs\;D:\Developer\vscode\nodejs;D:\Developer\wxchat\微信web开发者工具\dll;E:\git\Git\cmd;D:\maven\apache-maven-3.9.9-bin\apache-maven-3.9.9\bin;D:\MySQL\MySQL Server 8.0\bin;;C:\Program Files\Docker\Docker\resources\bin;D:\xshell\;C:\Program Files\NVIDIA Corporation\NVIDIA NvDLISR;D:\cmake\bin;E:\Windows Kits\10\Windows Performance Toolkit\;C:\Program Files\NVIDIA Corporation\Nsight Compute 2024.1.1\;d:\Developer\trae\Trae\bin;D:\Developer\anaconda;D:\Developer\anaconda\Library\mingw-w64\bin;D:\Developer\anaconda\Library\usr\bin;D:\Developer\anaconda\Library\bin;D:\Developer\anaconda\Scripts;C:\Users\h\AppData\Local\Microsoft\WindowsApps;D:\Developer\vscode\Microsoft VS Code\bin;C:\Users\h\AppData\Roaming\npm;D:\Developer\PyCharm 2024.3\bin;D:\Developer\pycharm\PyCharm Community Edition 2025.1.1\bin;;D:\Developer\pycharm\PyCharm 2025.1.1\bin;;D:\idea\IntelliJ IDEA 2025.1.2\bin;;D:\idea\IntelliJ IDEA Community Edition 2025.1.3\bin;;."/>
    <property name="java.vm.info" value="mixed mode, sharing"/>
    <property name="java.vendor" value="Oracle Corporation"/>
    <property name="java.vm.version" value="17.0.11+7-LTS-207"/>
    <property name="sun.io.unicode.encoding" value="UnicodeLittle"/>
    <property name="java.class.version" value="61.0"/>
  </properties>
</testsuite>